<?xml version="1.0" encoding="UTF-8"?>
<testng-results ignored="0" total="2" passed="2" failed="0" skipped="0">
  <reporter-output>
  </reporter-output>
  <suite started-at="2023-02-04T16:39:32 BDT" name="Suite" finished-at="2023-02-04T16:40:11 BDT" duration-ms="39493">
    <groups>
    </groups>
    <test started-at="2023-02-04T16:39:32 BDT" name="RegistrationTest" finished-at="2023-02-04T16:39:46 BDT" duration-ms="13709">
      <class name="Registration_process.Register">
        <test-method is-config="true" signature="initialize()[pri:0, instance:Registration_process.Register@1a451d4d]" started-at="2023-02-04T16:39:32 BDT" name="initialize" finished-at="2023-02-04T16:39:38 BDT" duration-ms="5971" status="PASS">
          <reporter-output>
          </reporter-output>
        </test-method> <!-- initialize -->
        <test-method signature="registerUser()[pri:0, instance:Registration_process.Register@1a451d4d]" started-at="2023-02-04T16:39:38 BDT" name="registerUser" finished-at="2023-02-04T16:39:46 BDT" duration-ms="7689" status="PASS">
          <reporter-output>
          </reporter-output>
        </test-method> <!-- registerUser -->
        <test-method is-config="true" signature="closeBrowser()[pri:0, instance:Registration_process.Register@1a451d4d]" started-at="2023-02-04T16:39:46 BDT" name="closeBrowser" finished-at="2023-02-04T16:39:46 BDT" duration-ms="31" status="PASS">
          <reporter-output>
          </reporter-output>
        </test-method> <!-- closeBrowser -->
      </class> <!-- Registration_process.Register -->
    </test> <!-- RegistrationTest -->
    <test started-at="2023-02-04T16:39:46 BDT" name="LoginTest" finished-at="2023-02-04T16:40:11 BDT" duration-ms="25773">
      <class name="Registration_process.Login">
        <test-method is-config="true" signature="initialize()[pri:0, instance:Registration_process.Login@399f45b1]" started-at="2023-02-04T16:39:46 BDT" name="initialize" finished-at="2023-02-04T16:39:51 BDT" duration-ms="4850" status="PASS">
          <reporter-output>
          </reporter-output>
        </test-method> <!-- initialize -->
        <test-method signature="login()[pri:0, instance:Registration_process.Login@399f45b1]" started-at="2023-02-04T16:39:51 BDT" name="login" finished-at="2023-02-04T16:39:55 BDT" duration-ms="4727" status="PASS">
          <reporter-output>
          </reporter-output>
        </test-method> <!-- login -->
        <test-method is-config="true" signature="closeBrowser()[pri:0, instance:Registration_process.Login@399f45b1]" started-at="2023-02-04T16:39:55 BDT" name="closeBrowser" finished-at="2023-02-04T16:40:11 BDT" duration-ms="16194" status="PASS">
          <reporter-output>
          </reporter-output>
        </test-method> <!-- closeBrowser -->
      </class> <!-- Registration_process.Login -->
    </test> <!-- LoginTest -->
  </suite> <!-- Suite -->
</testng-results>
