<?xml version="1.0" encoding="UTF-8"?>
<testng-results ignored="0" total="2" passed="2" failed="0" skipped="0">
  <reporter-output>
  </reporter-output>
  <suite started-at="2023-02-04T16:41:38 BDT" name="Suite" finished-at="2023-02-04T16:42:15 BDT" duration-ms="36917">
    <groups>
    </groups>
    <test started-at="2023-02-04T16:41:38 BDT" name="RegistrationTest" finished-at="2023-02-04T16:41:50 BDT" duration-ms="11854">
      <class name="Registration_process.Register">
        <test-method is-config="true" signature="initialize()[pri:0, instance:Registration_process.Register@4cc451f2]" started-at="2023-02-04T16:41:38 BDT" name="initialize" finished-at="2023-02-04T16:41:44 BDT" duration-ms="5604" status="PASS">
          <reporter-output>
          </reporter-output>
        </test-method> <!-- initialize -->
        <test-method signature="registerUser()[pri:0, instance:Registration_process.Register@4cc451f2]" started-at="2023-02-04T16:41:44 BDT" name="registerUser" finished-at="2023-02-04T16:41:50 BDT" duration-ms="6203" status="PASS">
          <reporter-output>
          </reporter-output>
        </test-method> <!-- registerUser -->
        <test-method is-config="true" signature="closeBrowser()[pri:0, instance:Registration_process.Register@4cc451f2]" started-at="2023-02-04T16:41:50 BDT" name="closeBrowser" finished-at="2023-02-04T16:41:50 BDT" duration-ms="31" status="PASS">
          <reporter-output>
          </reporter-output>
        </test-method> <!-- closeBrowser -->
      </class> <!-- Registration_process.Register -->
    </test> <!-- RegistrationTest -->
    <test started-at="2023-02-04T16:41:50 BDT" name="LoginTest" finished-at="2023-02-04T16:42:15 BDT" duration-ms="25047">
      <class name="Registration_process.Login">
        <test-method is-config="true" signature="initialize()[pri:0, instance:Registration_process.Login@130d63be]" started-at="2023-02-04T16:41:50 BDT" name="initialize" finished-at="2023-02-04T16:41:55 BDT" duration-ms="5301" status="PASS">
          <reporter-output>
          </reporter-output>
        </test-method> <!-- initialize -->
        <test-method signature="login()[pri:0, instance:Registration_process.Login@130d63be]" started-at="2023-02-04T16:41:55 BDT" name="login" finished-at="2023-02-04T16:41:59 BDT" duration-ms="3587" status="PASS">
          <reporter-output>
          </reporter-output>
        </test-method> <!-- login -->
        <test-method is-config="true" signature="closeBrowser()[pri:0, instance:Registration_process.Login@130d63be]" started-at="2023-02-04T16:41:59 BDT" name="closeBrowser" finished-at="2023-02-04T16:42:15 BDT" duration-ms="16157" status="PASS">
          <reporter-output>
          </reporter-output>
        </test-method> <!-- closeBrowser -->
      </class> <!-- Registration_process.Login -->
    </test> <!-- LoginTest -->
  </suite> <!-- Suite -->
</testng-results>
